[26-Dec-2022 22:01:57 UTC] PHP Parse error:  syntax error, unexpected 'if' (T_IF) in /Users/Bobgravity1/Local Sites/wp-devs/app/public/wp-config.php on line 81
[26-Dec-2022 22:36:20 UTC] PHP Notice:  Trying to get property 'title' of non-object in /Users/Bobgravity1/Local Sites/wp-devs/app/public/wp-includes/class-wp-customize-widgets.php on line 900
[27-Dec-2022 21:23:16 UTC] PHP Warning:  mysqli_real_connect(): (HY000/2002): No such file or directory in /Users/Bobgravity1/Local Sites/wp-devs/app/public/wp-includes/class-wpdb.php on line 1775
[28-Dec-2022 11:58:52 UTC] PHP Warning:  mysqli_real_connect(): (HY000/2002): No such file or directory in /Users/Bobgravity1/Local Sites/wp-devs/app/public/wp-includes/class-wpdb.php on line 1775
[28-Dec-2022 11:58:53 UTC] PHP Warning:  mysqli_real_connect(): (HY000/2002): No such file or directory in /Users/Bobgravity1/Local Sites/wp-devs/app/public/wp-includes/class-wpdb.php on line 1775
[28-Dec-2022 12:09:14 UTC] PHP Notice:  Trying to get property 'title' of non-object in /Users/Bobgravity1/Local Sites/wp-devs/app/public/wp-includes/class-wp-customize-widgets.php on line 900
[28-Dec-2022 12:09:50 UTC] PHP Notice:  Trying to get property 'title' of non-object in /Users/Bobgravity1/Local Sites/wp-devs/app/public/wp-includes/class-wp-customize-widgets.php on line 900
[28-Dec-2022 12:59:03 UTC] PHP Parse error:  syntax error, unexpected end of file, expecting ')' in /Users/Bobgravity1/Local Sites/wp-devs/app/public/wp-content/themes/wp-devs/functions.php on line 32
[28-Dec-2022 14:54:22 UTC] PHP Warning:  call_user_func_array() expects parameter 1 to be a valid callback, function 'wp-devs_load_scripts' not found or invalid function name in /Users/Bobgravity1/Local Sites/wp-devs/app/public/wp-includes/class-wp-hook.php on line 308
[29-Dec-2022 20:40:03 UTC] PHP Parse error:  syntax error, unexpected end of file in /Users/Bobgravity1/Local Sites/wp-devs/app/public/wp-content/themes/wp-devs/index.php on line 27
[29-Dec-2022 20:40:15 UTC] PHP Parse error:  syntax error, unexpected end of file in /Users/Bobgravity1/Local Sites/wp-devs/app/public/wp-content/themes/wp-devs/index.php on line 27
[30-Dec-2022 19:25:12 UTC] PHP Warning:  mysqli_real_connect(): (HY000/2002): No such file or directory in /Users/Bobgravity1/Local Sites/wp-devs/app/public/wp-includes/class-wpdb.php on line 1775
[30-Dec-2022 19:34:38 UTC] PHP Parse error:  syntax error, unexpected '}' in /Users/Bobgravity1/Local Sites/wp-devs/app/public/wp-content/themes/wp-devs/index.php on line 20
[30-Dec-2022 19:37:19 UTC] PHP Parse error:  syntax error, unexpected 'endwhile' (T_ENDWHILE), expecting end of file in /Users/Bobgravity1/Local Sites/wp-devs/app/public/wp-content/themes/wp-devs/index.php on line 32
[30-Dec-2022 19:57:53 UTC] PHP Notice:  Trying to get property 'title' of non-object in /Users/Bobgravity1/Local Sites/wp-devs/app/public/wp-includes/class-wp-customize-widgets.php on line 900
[30-Dec-2022 19:58:39 UTC] PHP Notice:  Trying to get property 'title' of non-object in /Users/Bobgravity1/Local Sites/wp-devs/app/public/wp-includes/class-wp-customize-widgets.php on line 900
[30-Dec-2022 19:59:36 UTC] PHP Notice:  Trying to get property 'title' of non-object in /Users/Bobgravity1/Local Sites/wp-devs/app/public/wp-includes/class-wp-customize-widgets.php on line 900
[30-Dec-2022 20:02:07 UTC] PHP Notice:  Trying to get property 'title' of non-object in /Users/Bobgravity1/Local Sites/wp-devs/app/public/wp-includes/class-wp-customize-widgets.php on line 900
[30-Dec-2022 20:18:57 UTC] PHP Warning:  mysqli_real_connect(): (HY000/2002): No such file or directory in /Users/Bobgravity1/Local Sites/wp-devs/app/public/wp-includes/class-wpdb.php on line 1775
[30-Dec-2022 20:18:58 UTC] PHP Warning:  mysqli_real_connect(): (HY000/2002): No such file or directory in /Users/Bobgravity1/Local Sites/wp-devs/app/public/wp-includes/class-wpdb.php on line 1775
[30-Dec-2022 20:18:58 UTC] PHP Warning:  mysqli_real_connect(): (HY000/2002): No such file or directory in /Users/Bobgravity1/Local Sites/wp-devs/app/public/wp-includes/class-wpdb.php on line 1775
[30-Dec-2022 20:18:59 UTC] PHP Warning:  mysqli_real_connect(): (HY000/2002): No such file or directory in /Users/Bobgravity1/Local Sites/wp-devs/app/public/wp-includes/class-wpdb.php on line 1775
[30-Dec-2022 20:18:59 UTC] PHP Warning:  mysqli_real_connect(): (HY000/2002): No such file or directory in /Users/Bobgravity1/Local Sites/wp-devs/app/public/wp-includes/class-wpdb.php on line 1775
[30-Dec-2022 20:18:59 UTC] PHP Warning:  mysqli_real_connect(): (HY000/2002): No such file or directory in /Users/Bobgravity1/Local Sites/wp-devs/app/public/wp-includes/class-wpdb.php on line 1775
[30-Dec-2022 20:19:53 UTC] PHP Warning:  mysqli_real_connect(): (HY000/2002): No such file or directory in /Users/Bobgravity1/Local Sites/wp-devs/app/public/wp-includes/class-wpdb.php on line 1775
[30-Dec-2022 20:19:58 UTC] PHP Warning:  mysqli_real_connect(): (HY000/2002): Connection refused in /Users/Bobgravity1/Local Sites/wp-devs/app/public/wp-includes/class-wpdb.php on line 1775
[30-Dec-2022 20:31:09 UTC] PHP Warning:  mysqli_real_connect(): (HY000/2002): No such file or directory in /Users/Bobgravity1/Local Sites/wp-devs/app/public/wp-includes/class-wpdb.php on line 1775
[30-Dec-2022 22:52:14 UTC] PHP Notice:  Trying to get property 'title' of non-object in /Users/Bobgravity1/Local Sites/wp-devs/app/public/wp-includes/class-wp-customize-widgets.php on line 900
[30-Dec-2022 22:52:37 UTC] PHP Notice:  Trying to get property 'title' of non-object in /Users/Bobgravity1/Local Sites/wp-devs/app/public/wp-includes/class-wp-customize-widgets.php on line 900
[30-Dec-2022 23:00:15 UTC] PHP Parse error:  syntax error, unexpected ':' in /Users/Bobgravity1/Local Sites/wp-devs/app/public/wp-content/themes/wp-devs/general-template.php on line 28
[30-Dec-2022 23:00:18 UTC] PHP Parse error:  syntax error, unexpected ':' in /Users/Bobgravity1/Local Sites/wp-devs/app/public/wp-content/themes/wp-devs/general-template.php on line 28
[30-Dec-2022 23:00:25 UTC] PHP Parse error:  syntax error, unexpected ':' in /Users/Bobgravity1/Local Sites/wp-devs/app/public/wp-content/themes/wp-devs/general-template.php on line 28
[30-Dec-2022 23:00:44 UTC] PHP Parse error:  syntax error, unexpected ':' in /Users/Bobgravity1/Local Sites/wp-devs/app/public/wp-content/themes/wp-devs/general-template.php on line 29
[30-Dec-2022 23:08:13 UTC] PHP Notice:  Trying to get property 'title' of non-object in /Users/Bobgravity1/Local Sites/wp-devs/app/public/wp-includes/class-wp-customize-widgets.php on line 900
[30-Dec-2022 23:11:36 UTC] PHP Notice:  Trying to get property 'title' of non-object in /Users/Bobgravity1/Local Sites/wp-devs/app/public/wp-includes/class-wp-customize-widgets.php on line 900
[30-Dec-2022 23:19:09 UTC] PHP Notice:  Trying to get property 'title' of non-object in /Users/Bobgravity1/Local Sites/wp-devs/app/public/wp-includes/class-wp-customize-widgets.php on line 900
[30-Dec-2022 23:20:11 UTC] PHP Notice:  Trying to get property 'title' of non-object in /Users/Bobgravity1/Local Sites/wp-devs/app/public/wp-includes/class-wp-customize-widgets.php on line 900
[30-Dec-2022 23:20:21 UTC] PHP Notice:  Trying to get property 'title' of non-object in /Users/Bobgravity1/Local Sites/wp-devs/app/public/wp-includes/class-wp-customize-widgets.php on line 900
[30-Dec-2022 23:20:38 UTC] PHP Notice:  Trying to get property 'title' of non-object in /Users/Bobgravity1/Local Sites/wp-devs/app/public/wp-includes/class-wp-customize-widgets.php on line 900
[30-Dec-2022 23:28:19 UTC] PHP Notice:  Trying to get property 'title' of non-object in /Users/Bobgravity1/Local Sites/wp-devs/app/public/wp-includes/class-wp-customize-widgets.php on line 900
[30-Dec-2022 23:30:14 UTC] PHP Notice:  Trying to get property 'title' of non-object in /Users/Bobgravity1/Local Sites/wp-devs/app/public/wp-includes/class-wp-customize-widgets.php on line 900
[30-Dec-2022 23:30:30 UTC] PHP Notice:  Trying to get property 'title' of non-object in /Users/Bobgravity1/Local Sites/wp-devs/app/public/wp-includes/class-wp-customize-widgets.php on line 900
[30-Dec-2022 23:32:07 UTC] PHP Notice:  Trying to get property 'title' of non-object in /Users/Bobgravity1/Local Sites/wp-devs/app/public/wp-includes/class-wp-customize-widgets.php on line 900
[30-Dec-2022 23:32:30 UTC] PHP Notice:  Trying to get property 'title' of non-object in /Users/Bobgravity1/Local Sites/wp-devs/app/public/wp-includes/class-wp-customize-widgets.php on line 900
[31-Dec-2022 12:35:43 UTC] WordPress database error Server shutdown in progress for query SELECT option_value FROM wp_options WHERE option_name = 'WPLANG' LIMIT 1 made by include('phar:///Applications/Local.app/Contents/Resources/extraResources/bin/wp-cli/wp-cli.phar/php/boot-phar.php'), include('phar:///Applications/Local.app/Contents/Resources/extraResources/bin/wp-cli/wp-cli.phar/vendor/wp-cli/wp-cli/php/wp-cli.php'), WP_CLI\bootstrap, WP_CLI\Bootstrap\LaunchRunner->process, WP_CLI\Runner->start, WP_CLI\Runner->load_wordpress, require('wp-settings.php'), load_default_textdomain, determine_locale, get_locale, get_option
[31-Dec-2022 12:35:43 UTC] PHP Warning:  Error while sending QUERY packet. PID=83260 in /Users/Bobgravity1/Local Sites/wp-devs/app/public/wp-includes/class-wpdb.php on line 2187
[31-Dec-2022 12:35:44 UTC] WordPress database error Server shutdown in progress for query UPDATE `wp_options` SET `option_value` = 'O:8:\"stdClass\":4:{s:7:\"updates\";a:1:{i:0;O:8:\"stdClass\":10:{s:8:\"response\";s:6:\"latest\";s:8:\"download\";s:59:\"https://downloads.wordpress.org/release/wordpress-6.1.1.zip\";s:6:\"locale\";s:5:\"en_US\";s:8:\"packages\";O:8:\"stdClass\":5:{s:4:\"full\";s:59:\"https://downloads.wordpress.org/release/wordpress-6.1.1.zip\";s:10:\"no_content\";s:70:\"https://downloads.wordpress.org/release/wordpress-6.1.1-no-content.zip\";s:11:\"new_bundled\";s:71:\"https://downloads.wordpress.org/release/wordpress-6.1.1-new-bundled.zip\";s:7:\"partial\";s:0:\"\";s:8:\"rollback\";s:0:\"\";}s:7:\"current\";s:5:\"6.1.1\";s:7:\"version\";s:5:\"6.1.1\";s:11:\"php_version\";s:6:\"5.6.20\";s:13:\"mysql_version\";s:3:\"5.0\";s:11:\"new_bundled\";s:3:\"6.1\";s:15:\"partial_version\";s:0:\"\";}}s:12:\"last_checked\";i:1672490144;s:15:\"version_checked\";s:5:\"6.1.1\";s:12:\"translations\";a:0:{}}', `autoload` = 'no' WHERE `option_name` = '_site_transient_update_core' made by include('phar:///Applications/Local.app/Contents/Resources/extraResources/bin/wp-cli/wp-cli.phar/php/boot-phar.php'), include('phar:///Applications/Local.app/Contents/Resources/extraResources/bin/wp-cli/wp-cli.phar/vendor/wp-cli/wp-cli/php/wp-cli.php'), WP_CLI\bootstrap, WP_CLI\Bootstrap\LaunchRunner->process, WP_CLI\Runner->start, WP_CLI\Runner->run_command_and_exit, WP_CLI\Runner->run_command, WP_CLI\Dispatcher\Subcommand->invoke, call_user_func, WP_CLI\Dispatcher\CommandFactory::WP_CLI\Dispatcher\{closure}, call_user_func, Core_Command->check_update, Core_Command->get_updates, wp_version_check, set_site_transient, update_site_option, update_network_option, update_option
[31-Dec-2022 12:35:47 UTC] PHP Warning:  mysqli_real_connect(): (HY000/2002): No such file or directory in /Users/Bobgravity1/Local Sites/wp-devs/app/public/wp-includes/class-wpdb.php on line 1775
[31-Dec-2022 12:35:48 UTC] PHP Warning:  mysqli_real_connect(): (HY000/2002): No such file or directory in /Users/Bobgravity1/Local Sites/wp-devs/app/public/wp-includes/class-wpdb.php on line 1775
[31-Dec-2022 12:36:05 UTC] PHP Warning:  mysqli_real_connect(): (HY000/2002): No such file or directory in /Users/Bobgravity1/Local Sites/wp-devs/app/public/wp-includes/class-wpdb.php on line 1775
[31-Dec-2022 12:36:25 UTC] PHP Warning:  mysqli_real_connect(): (HY000/2002): No such file or directory in /Users/Bobgravity1/Local Sites/wp-devs/app/public/wp-includes/class-wpdb.php on line 1775
[31-Dec-2022 12:36:41 UTC] PHP Warning:  PHP Startup: imagick: Unable to initialize module
Module compiled with module API=20200930
PHP    compiled with module API=20180731
These options need to match
 in Unknown on line 0
[31-Dec-2022 12:36:42 UTC] PHP Warning:  PHP Startup: imagick: Unable to initialize module
Module compiled with module API=20200930
PHP    compiled with module API=20180731
These options need to match
 in Unknown on line 0
[31-Dec-2022 12:36:42 UTC] PHP Warning:  mysqli_real_connect(): (HY000/2002): No such file or directory in /Users/Bobgravity1/Local Sites/wp-devs/app/public/wp-includes/class-wpdb.php on line 1775
[31-Dec-2022 12:41:18 UTC] PHP Notice:  Trying to get property 'title' of non-object in /Users/Bobgravity1/Local Sites/wp-devs/app/public/wp-includes/class-wp-customize-widgets.php on line 900
[31-Dec-2022 12:45:48 UTC] PHP Notice:  Trying to get property 'title' of non-object in /Users/Bobgravity1/Local Sites/wp-devs/app/public/wp-includes/class-wp-customize-widgets.php on line 900
[31-Dec-2022 12:49:36 UTC] PHP Notice:  Trying to get property 'title' of non-object in /Users/Bobgravity1/Local Sites/wp-devs/app/public/wp-includes/class-wp-customize-widgets.php on line 900
[31-Dec-2022 12:49:41 UTC] PHP Notice:  Trying to get property 'title' of non-object in /Users/Bobgravity1/Local Sites/wp-devs/app/public/wp-includes/class-wp-customize-widgets.php on line 900
[31-Dec-2022 12:54:16 UTC] PHP Notice:  Trying to get property 'title' of non-object in /Users/Bobgravity1/Local Sites/wp-devs/app/public/wp-includes/class-wp-customize-widgets.php on line 900
[31-Dec-2022 12:57:56 UTC] PHP Notice:  Trying to get property 'title' of non-object in /Users/Bobgravity1/Local Sites/wp-devs/app/public/wp-includes/class-wp-customize-widgets.php on line 900
[31-Dec-2022 12:59:39 UTC] PHP Notice:  Trying to get property 'title' of non-object in /Users/Bobgravity1/Local Sites/wp-devs/app/public/wp-includes/class-wp-customize-widgets.php on line 900
[31-Dec-2022 13:00:14 UTC] PHP Notice:  Trying to get property 'title' of non-object in /Users/Bobgravity1/Local Sites/wp-devs/app/public/wp-includes/class-wp-customize-widgets.php on line 900
[31-Dec-2022 13:03:16 UTC] PHP Notice:  Trying to get property 'title' of non-object in /Users/Bobgravity1/Local Sites/wp-devs/app/public/wp-includes/class-wp-customize-widgets.php on line 900
[31-Dec-2022 13:03:19 UTC] PHP Notice:  Trying to get property 'title' of non-object in /Users/Bobgravity1/Local Sites/wp-devs/app/public/wp-includes/class-wp-customize-widgets.php on line 900
[31-Dec-2022 13:03:54 UTC] PHP Notice:  Trying to get property 'title' of non-object in /Users/Bobgravity1/Local Sites/wp-devs/app/public/wp-includes/class-wp-customize-widgets.php on line 900
[31-Dec-2022 13:06:33 UTC] PHP Warning:  mysqli_real_connect(): (HY000/2002): No such file or directory in /Users/Bobgravity1/Local Sites/wp-devs/app/public/wp-includes/class-wpdb.php on line 1775
[31-Dec-2022 13:08:15 UTC] PHP Warning:  mysqli_real_connect(): (HY000/2002): No such file or directory in /Users/Bobgravity1/Local Sites/wp-devs/app/public/wp-includes/class-wpdb.php on line 1775
[31-Dec-2022 13:09:32 UTC] PHP Notice:  Trying to get property 'title' of non-object in /Users/Bobgravity1/Local Sites/wp-devs/app/public/wp-includes/class-wp-customize-widgets.php on line 900
[31-Dec-2022 13:10:16 UTC] PHP Warning:  mysqli_real_connect(): (HY000/2002): No such file or directory in /Users/Bobgravity1/Local Sites/wp-devs/app/public/wp-includes/class-wpdb.php on line 1775
[31-Dec-2022 13:10:17 UTC] WordPress database error Server shutdown in progress for query SELECT option_value FROM wp_options WHERE option_name = 'nonce_key' LIMIT 1 made by include('phar:///Applications/Local.app/Contents/Resources/extraResources/bin/wp-cli/wp-cli.phar/php/boot-phar.php'), include('phar:///Applications/Local.app/Contents/Resources/extraResources/bin/wp-cli/wp-cli.phar/vendor/wp-cli/wp-cli/php/wp-cli.php'), WP_CLI\bootstrap, WP_CLI\Bootstrap\LaunchRunner->process, WP_CLI\Runner->start, WP_CLI\Runner->load_wordpress, require('wp-settings.php'), do_action('init'), WP_Hook->do_action, WP_Hook->apply_filters, wp_widgets_init, do_action('widgets_init'), WP_Hook->do_action, WP_Hook->apply_filters, WP_Widget_Factory->_register_widgets, WP_Widget->_register, WP_Widget_Text->_register_one, wp_add_inline_script, wp_scripts, WP_Scripts->__construct, WP_Scripts->init, do_action_ref_array('wp_default_scripts'), WP_Hook->do_action, WP_Hook->apply_filters, wp_default_scripts, wp_create_nonce, wp_hash, wp_salt, get_site_option, get_network_option, get_option
[31-Dec-2022 13:10:17 UTC] WordPress database error Server shutdown in progress for query SELECT option_value FROM wp_options WHERE option_name = 'nonce_key' LIMIT 1 made by include('phar:///Applications/Local.app/Contents/Resources/extraResources/bin/wp-cli/wp-cli.phar/php/boot-phar.php'), include('phar:///Applications/Local.app/Contents/Resources/extraResources/bin/wp-cli/wp-cli.phar/vendor/wp-cli/wp-cli/php/wp-cli.php'), WP_CLI\bootstrap, WP_CLI\Bootstrap\LaunchRunner->process, WP_CLI\Runner->start, WP_CLI\Runner->load_wordpress, require('wp-settings.php'), do_action('init'), WP_Hook->do_action, WP_Hook->apply_filters, wp_widgets_init, do_action('widgets_init'), WP_Hook->do_action, WP_Hook->apply_filters, WP_Widget_Factory->_register_widgets, WP_Widget->_register, WP_Widget_Text->_register_one, wp_add_inline_script, wp_scripts, WP_Scripts->__construct, WP_Scripts->init, do_action_ref_array('wp_default_scripts'), WP_Hook->do_action, WP_Hook->apply_filters, wp_default_scripts, wp_create_nonce, wp_hash, wp_salt, get_site_option, get_network_option, get_option
[31-Dec-2022 13:10:17 UTC] PHP Warning:  Error while sending QUERY packet. PID=84620 in /Users/Bobgravity1/Local Sites/wp-devs/app/public/wp-includes/class-wpdb.php on line 2187
[31-Dec-2022 13:10:17 UTC] WordPress database error Server shutdown in progress for query SELECT option_value FROM wp_options WHERE option_name = 'WPLANG' LIMIT 1 made by include('phar:///Applications/Local.app/Contents/Resources/extraResources/bin/wp-cli/wp-cli.phar/php/boot-phar.php'), include('phar:///Applications/Local.app/Contents/Resources/extraResources/bin/wp-cli/wp-cli.phar/vendor/wp-cli/wp-cli/php/wp-cli.php'), WP_CLI\bootstrap, WP_CLI\Bootstrap\LaunchRunner->process, WP_CLI\Runner->start, WP_CLI\Runner->load_wordpress, require('wp-settings.php'), load_default_textdomain, determine_locale, get_locale, get_option
[31-Dec-2022 13:10:17 UTC] PHP Warning:  Error while sending QUERY packet. PID=84621 in /Users/Bobgravity1/Local Sites/wp-devs/app/public/wp-includes/class-wpdb.php on line 2187
[31-Dec-2022 13:10:17 UTC] PHP Warning:  Error while sending QUERY packet. PID=84622 in /Users/Bobgravity1/Local Sites/wp-devs/app/public/wp-includes/class-wpdb.php on line 2187
[31-Dec-2022 13:10:21 UTC] PHP Warning:  mysqli_real_connect(): (HY000/2002): No such file or directory in /Users/Bobgravity1/Local Sites/wp-devs/app/public/wp-includes/class-wpdb.php on line 1775
[31-Dec-2022 13:10:21 UTC] PHP Warning:  mysqli_real_connect(): (HY000/2002): No such file or directory in /Users/Bobgravity1/Local Sites/wp-devs/app/public/wp-includes/class-wpdb.php on line 1775
[31-Dec-2022 13:10:21 UTC] PHP Warning:  mysqli_real_connect(): (HY000/2002): No such file or directory in /Users/Bobgravity1/Local Sites/wp-devs/app/public/wp-includes/class-wpdb.php on line 1775
[31-Dec-2022 13:12:27 UTC] PHP Warning:  mysqli_real_connect(): (HY000/2002): No such file or directory in /Users/Bobgravity1/Local Sites/wp-devs/app/public/wp-includes/class-wpdb.php on line 1775
[31-Dec-2022 13:12:57 UTC] PHP Notice:  Trying to get property 'title' of non-object in /Users/Bobgravity1/Local Sites/wp-devs/app/public/wp-includes/class-wp-customize-widgets.php on line 900
[31-Dec-2022 13:32:41 UTC] PHP Warning:  mysqli_real_connect(): (HY000/2002): No such file or directory in /Users/Bobgravity1/Local Sites/wp-devs/app/public/wp-includes/class-wpdb.php on line 1775
[31-Dec-2022 13:32:42 UTC] WordPress database error Server shutdown in progress for query UPDATE `wp_options` SET `option_value` = 'O:8:\"stdClass\":4:{s:7:\"updates\";a:1:{i:0;O:8:\"stdClass\":10:{s:8:\"response\";s:6:\"latest\";s:8:\"download\";s:59:\"https://downloads.wordpress.org/release/wordpress-6.1.1.zip\";s:6:\"locale\";s:5:\"en_US\";s:8:\"packages\";O:8:\"stdClass\":5:{s:4:\"full\";s:59:\"https://downloads.wordpress.org/release/wordpress-6.1.1.zip\";s:10:\"no_content\";s:70:\"https://downloads.wordpress.org/release/wordpress-6.1.1-no-content.zip\";s:11:\"new_bundled\";s:71:\"https://downloads.wordpress.org/release/wordpress-6.1.1-new-bundled.zip\";s:7:\"partial\";s:0:\"\";s:8:\"rollback\";s:0:\"\";}s:7:\"current\";s:5:\"6.1.1\";s:7:\"version\";s:5:\"6.1.1\";s:11:\"php_version\";s:6:\"5.6.20\";s:13:\"mysql_version\";s:3:\"5.0\";s:11:\"new_bundled\";s:3:\"6.1\";s:15:\"partial_version\";s:0:\"\";}}s:12:\"last_checked\";i:1672493562;s:15:\"version_checked\";s:5:\"6.1.1\";s:12:\"translations\";a:0:{}}', `autoload` = 'no' WHERE `option_name` = '_site_transient_update_core' made by include('phar:///Applications/Local 2.app/Contents/Resources/extraResources/bin/wp-cli/wp-cli.phar/php/boot-phar.php'), include('phar:///Applications/Local 2.app/Contents/Resources/extraResources/bin/wp-cli/wp-cli.phar/vendor/wp-cli/wp-cli/php/wp-cli.php'), WP_CLI\bootstrap, WP_CLI\Bootstrap\LaunchRunner->process, WP_CLI\Runner->start, WP_CLI\Runner->run_command_and_exit, WP_CLI\Runner->run_command, WP_CLI\Dispatcher\Subcommand->invoke, call_user_func, WP_CLI\Dispatcher\CommandFactory::WP_CLI\Dispatcher\{closure}, call_user_func, Core_Command->check_update, Core_Command->get_updates, wp_version_check, set_site_transient, update_site_option, update_network_option, update_option
[31-Dec-2022 13:32:42 UTC] WordPress database error Server shutdown in progress for query UPDATE `wp_options` SET `option_value` = 'O:8:\"stdClass\":4:{s:7:\"updates\";a:1:{i:0;O:8:\"stdClass\":10:{s:8:\"response\";s:6:\"latest\";s:8:\"download\";s:59:\"https://downloads.wordpress.org/release/wordpress-6.1.1.zip\";s:6:\"locale\";s:5:\"en_US\";s:8:\"packages\";O:8:\"stdClass\":5:{s:4:\"full\";s:59:\"https://downloads.wordpress.org/release/wordpress-6.1.1.zip\";s:10:\"no_content\";s:70:\"https://downloads.wordpress.org/release/wordpress-6.1.1-no-content.zip\";s:11:\"new_bundled\";s:71:\"https://downloads.wordpress.org/release/wordpress-6.1.1-new-bundled.zip\";s:7:\"partial\";s:0:\"\";s:8:\"rollback\";s:0:\"\";}s:7:\"current\";s:5:\"6.1.1\";s:7:\"version\";s:5:\"6.1.1\";s:11:\"php_version\";s:6:\"5.6.20\";s:13:\"mysql_version\";s:3:\"5.0\";s:11:\"new_bundled\";s:3:\"6.1\";s:15:\"partial_version\";s:0:\"\";}}s:12:\"last_checked\";i:1672493562;s:15:\"version_checked\";s:5:\"6.1.1\";s:12:\"translations\";a:0:{}}', `autoload` = 'no' WHERE `option_name` = '_site_transient_update_core' made by include('phar:///Applications/Local 2.app/Contents/Resources/extraResources/bin/wp-cli/wp-cli.phar/php/boot-phar.php'), include('phar:///Applications/Local 2.app/Contents/Resources/extraResources/bin/wp-cli/wp-cli.phar/vendor/wp-cli/wp-cli/php/wp-cli.php'), WP_CLI\bootstrap, WP_CLI\Bootstrap\LaunchRunner->process, WP_CLI\Runner->start, WP_CLI\Runner->run_command_and_exit, WP_CLI\Runner->run_command, WP_CLI\Dispatcher\Subcommand->invoke, call_user_func, WP_CLI\Dispatcher\CommandFactory::WP_CLI\Dispatcher\{closure}, call_user_func, Core_Command->check_update, Core_Command->get_updates, wp_version_check, set_site_transient, update_site_option, update_network_option, update_option
[31-Dec-2022 13:32:42 UTC] WordPress database error Server shutdown in progress for query UPDATE `wp_options` SET `option_value` = 'O:8:\"stdClass\":4:{s:7:\"updates\";a:1:{i:0;O:8:\"stdClass\":10:{s:8:\"response\";s:6:\"latest\";s:8:\"download\";s:59:\"https://downloads.wordpress.org/release/wordpress-6.1.1.zip\";s:6:\"locale\";s:5:\"en_US\";s:8:\"packages\";O:8:\"stdClass\":5:{s:4:\"full\";s:59:\"https://downloads.wordpress.org/release/wordpress-6.1.1.zip\";s:10:\"no_content\";s:70:\"https://downloads.wordpress.org/release/wordpress-6.1.1-no-content.zip\";s:11:\"new_bundled\";s:71:\"https://downloads.wordpress.org/release/wordpress-6.1.1-new-bundled.zip\";s:7:\"partial\";s:0:\"\";s:8:\"rollback\";s:0:\"\";}s:7:\"current\";s:5:\"6.1.1\";s:7:\"version\";s:5:\"6.1.1\";s:11:\"php_version\";s:6:\"5.6.20\";s:13:\"mysql_version\";s:3:\"5.0\";s:11:\"new_bundled\";s:3:\"6.1\";s:15:\"partial_version\";s:0:\"\";}}s:12:\"last_checked\";i:1672493562;s:15:\"version_checked\";s:5:\"6.1.1\";s:12:\"translations\";a:0:{}}', `autoload` = 'no' WHERE `option_name` = '_site_transient_update_core' made by include('phar:///Applications/Local 2.app/Contents/Resources/extraResources/bin/wp-cli/wp-cli.phar/php/boot-phar.php'), include('phar:///Applications/Local 2.app/Contents/Resources/extraResources/bin/wp-cli/wp-cli.phar/vendor/wp-cli/wp-cli/php/wp-cli.php'), WP_CLI\bootstrap, WP_CLI\Bootstrap\LaunchRunner->process, WP_CLI\Runner->start, WP_CLI\Runner->run_command_and_exit, WP_CLI\Runner->run_command, WP_CLI\Dispatcher\Subcommand->invoke, call_user_func, WP_CLI\Dispatcher\CommandFactory::WP_CLI\Dispatcher\{closure}, call_user_func, Core_Command->check_update, Core_Command->get_updates, wp_version_check, set_site_transient, update_site_option, update_network_option, update_option
[31-Dec-2022 13:38:35 UTC] PHP Warning:  mysqli_real_connect(): (HY000/2002): No such file or directory in /Users/Bobgravity1/Local Sites/wp-devs/app/public/wp-includes/class-wpdb.php on line 1775
[31-Dec-2022 13:38:45 UTC] PHP Warning:  mysqli_real_connect(): (HY000/2002): No such file or directory in /Users/Bobgravity1/Local Sites/wp-devs/app/public/wp-includes/class-wpdb.php on line 1775
[31-Dec-2022 13:38:55 UTC] PHP Warning:  mysqli_real_connect(): (HY000/2002): No such file or directory in /Users/Bobgravity1/Local Sites/wp-devs/app/public/wp-includes/class-wpdb.php on line 1775
[31-Dec-2022 13:39:05 UTC] PHP Warning:  mysqli_real_connect(): (HY000/2002): No such file or directory in /Users/Bobgravity1/Local Sites/wp-devs/app/public/wp-includes/class-wpdb.php on line 1775
[31-Dec-2022 13:41:01 UTC] PHP Notice:  Trying to get property 'title' of non-object in /Users/Bobgravity1/Local Sites/wp-devs/app/public/wp-includes/class-wp-customize-widgets.php on line 900
